#
# A fatal error has been detected by the Java Runtime Environment:
#
#  EXCEPTION_ACCESS_VIOLATION (0xc0000005) at pc=0x00000000048f3e2d, pid=6568, tid=0x00000000000037d4
#
# JRE version: Java(TM) SE Runtime Environment (8.0_102-b14) (build 1.8.0_102-b14)
# Java VM: Java HotSpot(TM) 64-Bit Server VM (25.102-b14 mixed mode windows-amd64 compressed oops)
# Problematic frame:
# j  java.awt.Component.addPropertyChangeListener(Ljava/lang/String;Ljava/beans/PropertyChangeListener;)V+1
#
# Failed to write core dump. Minidumps are not enabled by default on client versions of Windows
#
# If you would like to submit a bug report, please visit:
#   http://bugreport.java.com/bugreport/crash.jsp
#

---------------  T H R E A D  ---------------

Current thread (0x0000000018c04000):  JavaThread "AWT-EventQueue-0" [_thread_in_Java, id=14292, stack(0x00000000195c0000,0x00000000196c0000)]

siginfo: ExceptionCode=0xc0000005, reading address 0x0000000030c85348

Registers:
RAX=0x0000000030c85000, RBX=0x0000000000000032, RCX=0x00000000169e8d5c, RDX=0x0000000080000001
RSP=0x00000000196bb7a8, RBP=0x00000000196bb7f8, RSI=0x00000000eb55cc68, RDI=0x0000007cca494b01
R8 =0x0000000000000012, R9 =0x00000000000000dc, R10=0x000000005b09c0c0, R11=0x0000000016b5b8d8
R12=0x0000000000000000, R13=0x000000001678f8e9, R14=0x0000000000000000, R15=0x0000000018c04000
RIP=0x00000000048f3e2d, EFLAGS=0x0000000000010246

Top of Stack: (sp=0x00000000196bb7a8)
0x00000000196bb7a8:   00000000048d80e0 00000000169e8d5c
0x00000000196bb7b8:   00000000196bb7b8 000000001678f8e9
0x00000000196bb7c8:   00000000196bb828 0000000016795448
0x00000000196bb7d8:   0000000000000000 000000001678f948
0x00000000196bb7e8:   0000000000000000 00000000196bb818
0x00000000196bb7f8:   00000000196bb860 00000000048d80e0
0x00000000196bb808:   0000000000000000 0000000000000000
0x00000000196bb818:   00000000eb55d638 00000000196bb820
0x00000000196bb828:   00000000169e8d5c 00000000196bb8c0
0x00000000196bb838:   00000000169ebc28 0000000000000000
0x00000000196bb848:   00000000169e8ee8 00000000196bb818
0x00000000196bb858:   00000000196bb8b8 00000000196bb908
0x00000000196bb868:   00000000048d7b30 0000000000000000
0x00000000196bb878:   0000000000000000 0000000000000000
0x00000000196bb888:   00000000eb55cc68 00000000eb55d638
0x00000000196bb898:   00000000eb538c10 00000000eb538c10 

Instructions: (pc=0x00000000048f3e2d)
0x00000000048f3e0d:   01 49 83 5e 28 00 e9 0d 00 00 00 49 89 46 10 ba
0x00000000048f3e1d:   01 00 00 00 49 89 56 18 49 83 c6 30 4c 89 75 e0
0x00000000048f3e2d:   48 8b 9c d8 b8 01 00 00 48 8b 55 e0 48 85 d2 0f
0x00000000048f3e3d:   84 2f 01 00 00 80 7a d0 0b 0f 85 25 01 00 00 48 


Register to memory mapping:

RAX=0x0000000030c85000 is an unknown value
RBX=0x0000000000000032 is an unknown value
RCX=0x00000000169e8d5c is pointing into metadata
RDX=0x0000000080000001 is an unknown value
RSP=0x00000000196bb7a8 is pointing into the stack for thread: 0x0000000018c04000
RBP=0x00000000196bb7f8 is pointing into the stack for thread: 0x0000000018c04000
RSI=0x00000000eb55cc68 is an oop
java.awt.TextField 
 - klass: 'java/awt/TextField'
RDI=0x0000007cca494b01 is an unknown value
R8 =0x0000000000000012 is an unknown value
R9 =0x00000000000000dc is an unknown value
R10=0x000000005b09c0c0 is an unknown value
R11=0x0000000016b5b8d8 is pointing into metadata
R12=0x0000000000000000 is an unknown value
R13=0x000000001678f8e9 is pointing into metadata
R14=0x0000000000000000 is an unknown value
R15=0x0000000018c04000 is a thread


Stack: [0x00000000195c0000,0x00000000196c0000],  sp=0x00000000196bb7a8,  free space=1005k
Native frames: (J=compiled Java code, j=interpreted, Vv=VM code, C=native code)
C  0x00000000048f3e2d


---------------  P R O C E S S  ---------------

Java Threads: ( => current thread )
  0x00000000047d0800 JavaThread "DestroyJavaVM" [_thread_blocked, id=10792, stack(0x0000000004630000,0x0000000004730000)]
=>0x0000000018c04000 JavaThread "AWT-EventQueue-0" [_thread_in_Java, id=14292, stack(0x00000000195c0000,0x00000000196c0000)]
  0x0000000018bf1800 JavaThread "AWT-Windows" daemon [_thread_in_native, id=10484, stack(0x00000000194c0000,0x00000000195c0000)]
  0x0000000018b9f000 JavaThread "AWT-Shutdown" [_thread_blocked, id=9768, stack(0x00000000193c0000,0x00000000194c0000)]
  0x0000000018b9c800 JavaThread "Java2D Disposer" daemon [_thread_blocked, id=384, stack(0x00000000191f0000,0x00000000192f0000)]
  0x0000000018849800 JavaThread "Service Thread" daemon [_thread_blocked, id=10832, stack(0x0000000018c20000,0x0000000018d20000)]
  0x0000000016ec6000 JavaThread "C1 CompilerThread2" daemon [_thread_blocked, id=10872, stack(0x0000000018720000,0x0000000018820000)]
  0x0000000016ec3000 JavaThread "C2 CompilerThread1" daemon [_thread_blocked, id=16280, stack(0x0000000018620000,0x0000000018720000)]
  0x0000000016ebd000 JavaThread "C2 CompilerThread0" daemon [_thread_blocked, id=9528, stack(0x0000000018520000,0x0000000018620000)]
  0x0000000016ebb800 JavaThread "Attach Listener" daemon [_thread_blocked, id=10748, stack(0x0000000018420000,0x0000000018520000)]
  0x0000000016eba800 JavaThread "Signal Dispatcher" daemon [_thread_blocked, id=15688, stack(0x0000000018320000,0x0000000018420000)]
  0x00000000048ca000 JavaThread "Finalizer" daemon [_thread_blocked, id=13228, stack(0x0000000018130000,0x0000000018230000)]
  0x00000000048bf000 JavaThread "Reference Handler" daemon [_thread_blocked, id=6276, stack(0x0000000018030000,0x0000000018130000)]

Other Threads:
  0x0000000016e87800 VMThread [stack: 0x0000000017f30000,0x0000000018030000] [id=11128]
  0x000000001887c000 WatcherThread [stack: 0x0000000018d20000,0x0000000018e20000] [id=13372]

VM state:not at safepoint (normal execution)

VM Mutex/Monitor currently owned by a thread: None

Heap:
 PSYoungGen      total 18944K, used 3934K [0x00000000eb300000, 0x00000000ec800000, 0x0000000100000000)
  eden space 16384K, 24% used [0x00000000eb300000,0x00000000eb6d7818,0x00000000ec300000)
  from space 2560K, 0% used [0x00000000ec580000,0x00000000ec580000,0x00000000ec800000)
  to   space 2560K, 0% used [0x00000000ec300000,0x00000000ec300000,0x00000000ec580000)
 ParOldGen       total 44032K, used 0K [0x00000000c1800000, 0x00000000c4300000, 0x00000000eb300000)
  object space 44032K, 0% used [0x00000000c1800000,0x00000000c1800000,0x00000000c4300000)
 Metaspace       used 7178K, capacity 7320K, committed 7424K, reserved 1056768K
  class space    used 836K, capacity 923K, committed 1024K, reserved 1048576K

Card table byte_map: [0x0000000013c90000,0x0000000013e90000] byte_map_base: 0x0000000013684000

Marking Bits: (ParMarkBitMap*) 0x000000005b0ba6c0
 Begin Bits: [0x00000000143e0000, 0x0000000015380000)
 End Bits:   [0x0000000015380000, 0x0000000016320000)

Polling page: 0x0000000002880000

CodeCache: size=245760Kb used=1939Kb max_used=1939Kb free=243820Kb
 bounds [0x00000000048d0000, 0x0000000004b40000, 0x00000000138d0000]
 total_blobs=792 nmethods=393 adapters=312
 compilation: enabled

Compilation events (10 events):
Event: 4.866 Thread 0x0000000016ec6000  386       3       sun.awt.SunToolkit::wakeupEventQueue (11 bytes)
Event: 4.867 Thread 0x0000000016ec6000 nmethod 386 0x0000000004aaded0 code [0x0000000004aae060, 0x0000000004aae458]
Event: 4.867 Thread 0x0000000016ec6000  387       3       sun.awt.AWTAccessor::getEventQueueAccessor (18 bytes)
Event: 4.867 Thread 0x0000000016ec6000 nmethod 387 0x0000000004aae650 code [0x0000000004aae7c0, 0x0000000004aaea28]
Event: 4.867 Thread 0x0000000016ec6000  388       3       java.awt.EventQueue$2::wakeup (6 bytes)
Event: 4.867 Thread 0x0000000016ec6000 nmethod 388 0x0000000004aaead0 code [0x0000000004aaec40, 0x0000000004aaee28]
Event: 4.867 Thread 0x0000000016ec6000  389       3       java.awt.EventQueue::access$100 (6 bytes)
Event: 4.867 Thread 0x0000000016ec6000 nmethod 389 0x0000000004aaef50 code [0x0000000004aaf0c0, 0x0000000004aaf228]
Event: 4.867 Thread 0x0000000016ec6000  390   !   3       java.awt.EventQueue::wakeup (79 bytes)
Event: 4.868 Thread 0x0000000016ec6000 nmethod 390 0x0000000004aaf310 code [0x0000000004aaf540, 0x0000000004ab0118]

GC Heap History (0 events):
No events

Deoptimization events (1 events):
Event: 0.263 Thread 0x00000000047d0800 Uncommon trap: reason=null_check action=make_not_entrant pc=0x0000000004a3f7b8 method=java.lang.String.equals(Ljava/lang/Object;)Z @ 8

Internal exceptions (10 events):
Event: 0.036 Thread 0x00000000047d0800 Exception <a 'java/lang/NoSuchMethodError': Method sun.misc.Unsafe.prefetchRead(Ljava/lang/Object;J)V name or signature does not match> (0x00000000eb307f60) thrown at [C:\re\workspace\8-2-build-windows-amd64-cygwin\jdk8u102\7268\hotspot\src\share\vm\prims\n$\‡ã¼?
Event: 0.113 Thread 0x00000000047d0800 Exception <a 'java/security/PrivilegedActionException'> (0x00000000eb3862c0) thrown at [C:\re\workspace\8-2-build-windows-amd64-cygwin\jdk8u102\7268\hotspot\src\share\vm\prims\jvm.cpp, line 1386]
Event: 0.113 Thread 0x00000000047d0800 Exception <a 'java/security/PrivilegedActionException'> (0x00000000eb3864d0) thrown at [C:\re\workspace\8-2-build-windows-amd64-cygwin\jdk8u102\7268\hotspot\src\share\vm\prims\jvm.cpp, line 1386]
Event: 0.114 Thread 0x00000000047d0800 Exception <a 'java/security/PrivilegedActionException'> (0x00000000eb38a3b8) thrown at [C:\re\workspace\8-2-build-windows-amd64-cygwin\jdk8u102\7268\hotspot\src\share\vm\prims\jvm.cpp, line 1386]
Event: 0.114 Thread 0x00000000047d0800 Exception <a 'java/security/PrivilegedActionException'> (0x00000000eb38a5c8) thrown at [C:\re\workspace\8-2-build-windows-amd64-cygwin\jdk8u102\7268\hotspot\src\share\vm\prims\jvm.cpp, line 1386]
Event: 0.119 Thread 0x00000000047d0800 Exception <a 'java/io/FileNotFoundException'> (0x00000000eb38cb40) thrown at [C:\re\workspace\8-2-build-windows-amd64-cygwin\jdk8u102\7268\hotspot\src\share\vm\prims\jni.cpp, line 709]
Event: 0.163 Thread 0x00000000047d0800 Exception <a 'java/lang/NoSuchFieldError': method resolution failed> (0x00000000eb4acba8) thrown at [C:\re\workspace\8-2-build-windows-amd64-cygwin\jdk8u102\7268\hotspot\src\share\vm\prims\methodHandles.cpp, line 1146]
Event: 0.165 Thread 0x00000000047d0800 Exception <a 'java/lang/NoSuchFieldError': method resolution failed> (0x00000000eb4b9f78) thrown at [C:\re\workspace\8-2-build-windows-amd64-cygwin\jdk8u102\7268\hotspot\src\share\vm\prims\methodHandles.cpp, line 1146]
Event: 0.211 Thread 0x00000000047d0800 Exception <a 'java/io/FileNotFoundException'> (0x00000000eb54e6b0) thrown at [C:\re\workspace\8-2-build-windows-amd64-cygwin\jdk8u102\7268\hotspot\src\share\vm\prims\jni.cpp, line 709]
Event: 0.263 Thread 0x00000000047d0800 Implicit null exception at 0x0000000004a3f5e2 to 0x0000000004a3f7a9

Events (10 events):
Event: 1.313 loading class java/awt/Cursor$CursorDisposer
Event: 1.313 loading class java/awt/Cursor$CursorDisposer done
Event: 1.313 loading class java/awt/event/MouseWheelEvent
Event: 1.313 loading class java/awt/event/MouseWheelEvent done
Event: 1.313 loading class java/awt/AWTEvent$2
Event: 1.314 loading class java/awt/AWTEvent$2 done
Event: 1.314 loading class sun/reflect/UnsafeBooleanFieldAccessorImpl
Event: 1.314 loading class sun/reflect/UnsafeBooleanFieldAccessorImpl done
Event: 4.121 Executing VM operation: EnableBiasedLocking
Event: 4.121 Executing VM operation: EnableBiasedLocking done


Dynamic libraries:
0x00007ff74ec00000 - 0x00007ff74ec37000 	C:\Program Files\Java\jdk1.8.0_102\bin\java.exe
0x00007ff878250000 - 0x00007ff878430000 	C:\WINDOWS\SYSTEM32\ntdll.dll
0x00007ff877ed0000 - 0x00007ff877f7e000 	C:\WINDOWS\System32\KERNEL32.DLL
0x00007ff875110000 - 0x00007ff875376000 	C:\WINDOWS\System32\KERNELBASE.dll
0x00007ff877250000 - 0x00007ff8772f1000 	C:\WINDOWS\System32\ADVAPI32.dll
0x00007ff8757f0000 - 0x00007ff87588d000 	C:\WINDOWS\System32\msvcrt.dll
0x00007ff877660000 - 0x00007ff8776bb000 	C:\WINDOWS\System32\sechost.dll
0x00007ff877300000 - 0x00007ff87741f000 	C:\WINDOWS\System32\RPCRT4.dll
0x00007ff877d40000 - 0x00007ff877ecf000 	C:\WINDOWS\System32\USER32.dll
0x00007ff875700000 - 0x00007ff875720000 	C:\WINDOWS\System32\win32u.dll
0x00007ff875dc0000 - 0x00007ff875de8000 	C:\WINDOWS\System32\GDI32.dll
0x00007ff874e40000 - 0x00007ff874fd3000 	C:\WINDOWS\System32\gdi32full.dll
0x00007ff874da0000 - 0x00007ff874e3b000 	C:\WINDOWS\System32\msvcp_win.dll
0x00007ff875600000 - 0x00007ff8756f6000 	C:\WINDOWS\System32\ucrtbase.dll
0x00007ff865f80000 - 0x00007ff8661e9000 	C:\WINDOWS\WinSxS\amd64_microsoft.windows.common-controls_6595b64144ccf1df_6.0.16299.248_none_15ced204935f55d7\COMCTL32.dll
0x00007ff8759e0000 - 0x00007ff875ce8000 	C:\WINDOWS\System32\combase.dll
0x00007ff874fe0000 - 0x00007ff875052000 	C:\WINDOWS\System32\bcryptPrimitives.dll
0x00007ff8781e0000 - 0x00007ff87820d000 	C:\WINDOWS\System32\IMM32.DLL
0x000000005b140000 - 0x000000005b211000 	C:\Program Files\Java\jdk1.8.0_102\jre\bin\msvcr100.dll
0x000000005a8a0000 - 0x000000005b13a000 	C:\Program Files\Java\jdk1.8.0_102\jre\bin\server\jvm.dll
0x00007ff877b10000 - 0x00007ff877b18000 	C:\WINDOWS\System32\PSAPI.DLL
0x00007ff871a00000 - 0x00007ff871a23000 	C:\WINDOWS\SYSTEM32\WINMM.dll
0x00007ff8673d0000 - 0x00007ff8673da000 	C:\WINDOWS\SYSTEM32\VERSION.dll
0x00007ff873280000 - 0x00007ff873289000 	C:\WINDOWS\SYSTEM32\WSOCK32.dll
0x00007ff877420000 - 0x00007ff87748c000 	C:\WINDOWS\System32\WS2_32.dll
0x00007ff8719d0000 - 0x00007ff8719fa000 	C:\WINDOWS\SYSTEM32\WINMMBASE.dll
0x00007ff875380000 - 0x00007ff8753ca000 	C:\WINDOWS\System32\cfgmgr32.dll
0x000000005a890000 - 0x000000005a89f000 	C:\Program Files\Java\jdk1.8.0_102\jre\bin\verify.dll
0x000000005a860000 - 0x000000005a889000 	C:\Program Files\Java\jdk1.8.0_102\jre\bin\java.dll
0x000000005a840000 - 0x000000005a856000 	C:\Program Files\Java\jdk1.8.0_102\jre\bin\zip.dll
0x00007ff875df0000 - 0x00007ff877226000 	C:\WINDOWS\System32\SHELL32.dll
0x00007ff878130000 - 0x00007ff8781d6000 	C:\WINDOWS\System32\shcore.dll
0x00007ff874650000 - 0x00007ff874d97000 	C:\WINDOWS\System32\windows.storage.dll
0x00007ff877490000 - 0x00007ff8774e1000 	C:\WINDOWS\System32\shlwapi.dll
0x00007ff874630000 - 0x00007ff874641000 	C:\WINDOWS\System32\kernel.appcore.dll
0x00007ff8745c0000 - 0x00007ff87460c000 	C:\WINDOWS\System32\powrprof.dll
0x00007ff8745a0000 - 0x00007ff8745bb000 	C:\WINDOWS\System32\profapi.dll
0x000000005a6a0000 - 0x000000005a838000 	C:\Program Files\Java\jdk1.8.0_102\jre\bin\awt.dll
0x00007ff875720000 - 0x00007ff8757e5000 	C:\WINDOWS\System32\OLEAUT32.dll
0x00007ff871c90000 - 0x00007ff871d18000 	C:\WINDOWS\SYSTEM32\apphelp.dll
0x00007ff872ab0000 - 0x00007ff872ada000 	C:\WINDOWS\system32\DWMAPI.DLL
0x00007ff872840000 - 0x00007ff8728d5000 	C:\WINDOWS\system32\uxtheme.dll
0x00007ff8774f0000 - 0x00007ff877657000 	C:\WINDOWS\System32\MSCTF.dll
0x00007ff875890000 - 0x00007ff8759d9000 	C:\WINDOWS\System32\ole32.dll
0x000000005a650000 - 0x000000005a697000 	C:\Program Files\Java\jdk1.8.0_102\jre\bin\fontmanager.dll
0x00007ff84c350000 - 0x00007ff84c3e5000 	C:\WINDOWS\system32\RICHED20.DLL
0x00007ff871d30000 - 0x00007ff871d49000 	C:\WINDOWS\SYSTEM32\USP10.dll
0x00007ff855490000 - 0x00007ff8554c8000 	C:\WINDOWS\SYSTEM32\msls31.dll
0x00007ff877f80000 - 0x00007ff87801e000 	C:\WINDOWS\System32\clbcatq.dll
0x00007ff856c80000 - 0x00007ff856ccf000 	C:\WINDOWS\system32\dataexchange.dll
0x00007ff870ec0000 - 0x00007ff871002000 	C:\WINDOWS\system32\dcomp.dll
0x00007ff8716a0000 - 0x00007ff871982000 	C:\WINDOWS\system32\d3d11.dll
0x00007ff873410000 - 0x00007ff8734bf000 	C:\WINDOWS\system32\dxgi.dll
0x00007ff872c30000 - 0x00007ff872dab000 	C:\WINDOWS\system32\twinapi.appcore.dll
0x00007ff872ba0000 - 0x00007ff872bc0000 	C:\WINDOWS\system32\RMCLIENT.dll
0x00007ff8740a0000 - 0x00007ff8740c5000 	C:\WINDOWS\system32\bcrypt.dll
0x00007ff868970000 - 0x00007ff868a08000 	C:\WINDOWS\System32\TextInputFramework.dll
0x00007ff86e080000 - 0x00007ff86e36e000 	C:\WINDOWS\System32\CoreUIComponents.dll
0x00007ff870dd0000 - 0x00007ff870eac000 	C:\WINDOWS\System32\CoreMessaging.dll
0x00007ff871a60000 - 0x00007ff871b96000 	C:\WINDOWS\SYSTEM32\wintypes.dll
0x00007ff8736e0000 - 0x00007ff873711000 	C:\WINDOWS\SYSTEM32\ntmarta.dll
0x00007ff873080000 - 0x00007ff873248000 	C:\WINDOWS\SYSTEM32\dbghelp.dll

VM Arguments:
java_command: logIn
java_class_path (initial): .
Launcher Type: SUN_STANDARD

Environment Variables:
PATH=C:\MinGW\bin;C:\Program Files (x86)\Intel\iCLS Client\;C:\Program Files\Intel\iCLS Client\;C:\WINDOWS\system32;C:\WINDOWS;C:\WINDOWS\System32\Wbem;C:\WINDOWS\System32\WindowsPowerShell\v1.0\;C:\Program Files (x86)\Intel\Intel(R) Management Engine Components\DAL;C:\Program Files\Intel\Intel(R) Management Engine Components\DAL;C:\Program Files (x86)\Intel\Intel(R) Management Engine Components\IPT;C:\Program Files\Intel\Intel(R) Management Engine Components\IPT;C:\Program Files\Java\jdk1.8.0_102\bin;C:\Program Files\MATLAB\R2017a\runtime\win64;C:\Program Files\MATLAB\R2017a\bin;C:\Program Files (x86)\GtkSharp\2.12\bin;C:\Users\lufra\AppData\Local\Programs\Python\Python35\Scripts\;C:\Users\lufra\AppData\Local\Programs\Python\Python35\;C:\Users\lufra\AppData\Local\Microsoft\WindowsApps;
USERNAME=lufra
OS=Windows_NT
PROCESSOR_IDENTIFIER=Intel64 Family 6 Model 61 Stepping 4, GenuineIntel



---------------  S Y S T E M  ---------------

OS: Windows 10.0 , 64 bit Build 16299 (10.0.16299.15)

CPU:total 4 (2 cores per cpu, 2 threads per core) family 6 model 61 stepping 4, cmov, cx8, fxsr, mmx, sse, sse2, sse3, ssse3, sse4.1, sse4.2, popcnt, avx, avx2, aes, clmul, erms, 3dnowpref, lzcnt, ht, tsc, tscinvbit, bmi1, bmi2, adx

Memory: 4k page, physical 4093380k(805532k free), swap 6854636k(1203120k free)

vm_info: Java HotSpot(TM) 64-Bit Server VM (25.102-b14) for windows-amd64 JRE (1.8.0_102-b14), built on Jun 22 2016 13:15:21 by "java_re" with MS VC++ 10.0 (VS2010)

time: Sat Feb 24 19:52:53 2018
elapsed time: 5 seconds (0d 0h 0m 5s)

